Read new prefs: /homes/zl3114/.config/blender/2.78/config/userpref.blend
found bundled python: /homes/zl3114/blender/2.78/python
read blend: /homes/zl3114/bdep/cube/cube.blend
Fra:1000 Mem:6.05M (0.00M, Peak 6.91M) | Time:00:00.32 | Mem:0.00M, Peak:0.00M | Scene, RenderLayer | Synchronizing object | Empty
Fra:1000 Mem:6.05M (0.00M, Peak 6.91M) | Time:00:00.32 | Mem:0.00M, Peak:0.00M | Scene, RenderLayer | Synchronizing object | Camera
Fra:1000 Mem:6.05M (0.00M, Peak 6.91M) | Time:00:00.32 | Mem:0.00M, Peak:0.00M | Scene, RenderLayer | Synchronizing object | Plane.002
Fra:1000 Mem:6.05M (0.00M, Peak 6.91M) | Time:00:00.32 | Mem:0.00M, Peak:0.00M | Scene, RenderLayer | Synchronizing object | Plane.001
Fra:1000 Mem:6.05M (0.00M, Peak 6.91M) | Time:00:00.32 | Mem:0.00M, Peak:0.00M | Scene, RenderLayer | Synchronizing object | Plane
Fra:1000 Mem:6.05M (0.00M, Peak 6.91M) | Time:00:00.32 | Mem:0.00M, Peak:0.00M | Scene, RenderLayer | Synchronizing object | Cube
Fra:1000 Mem:6.05M (0.00M, Peak 6.91M) | Time:00:00.32 | Mem:0.00M, Peak:0.00M | Scene, RenderLayer | Initializing
Fra:1000 Mem:6.05M (0.00M, Peak 6.91M) | Time:00:00.32 | Mem:0.00M, Peak:0.00M | Scene, RenderLayer | Loading render kernels (may take a few minutes the first time)
Fra:1000 Mem:6.05M (0.00M, Peak 8.85M) | Time:00:00.34 | Mem:0.00M, Peak:0.00M | Scene, RenderLayer | Waiting for render to start
Fra:1000 Mem:6.05M (0.00M, Peak 8.85M) | Time:00:00.34 | Mem:0.00M, Peak:0.00M | Scene, RenderLayer | Updating Scene
Fra:1000 Mem:6.05M (0.00M, Peak 8.85M) | Time:00:00.34 | Mem:0.00M, Peak:0.00M | Scene, RenderLayer | Updating Shaders
Fra:1000 Mem:6.55M (0.00M, Peak 8.85M) | Time:00:00.43 | Mem:0.00M, Peak:0.00M | Scene, RenderLayer | Updating Background
Fra:1000 Mem:6.55M (0.00M, Peak 8.85M) | Time:00:00.43 | Mem:0.00M, Peak:0.00M | Scene, RenderLayer | Updating Camera
Fra:1000 Mem:6.55M (0.00M, Peak 8.85M) | Time:00:00.43 | Mem:0.00M, Peak:0.00M | Scene, RenderLayer | Updating Meshes Flags
Fra:1000 Mem:6.55M (0.00M, Peak 8.85M) | Time:00:00.43 | Mem:0.00M, Peak:0.00M | Scene, RenderLayer | Updating Objects
Fra:1000 Mem:6.55M (0.00M, Peak 8.85M) | Time:00:00.43 | Mem:0.00M, Peak:0.00M | Scene, RenderLayer | Updating Objects | Copying Transformations to device
Fra:1000 Mem:6.55M (0.00M, Peak 8.85M) | Time:00:00.43 | Mem:0.00M, Peak:0.00M | Scene, RenderLayer | Updating Objects | Applying Static Transformations
Fra:1000 Mem:6.55M (0.00M, Peak 8.85M) | Time:00:00.43 | Mem:0.00M, Peak:0.00M | Scene, RenderLayer | Updating Meshes
Fra:1000 Mem:6.55M (0.00M, Peak 8.85M) | Time:00:00.43 | Mem:0.00M, Peak:0.00M | Scene, RenderLayer | Updating Mesh | Computing attributes
Fra:1000 Mem:6.55M (0.00M, Peak 8.85M) | Time:00:00.43 | Mem:0.00M, Peak:0.00M | Scene, RenderLayer | Updating Mesh | Copying Attributes to device
Fra:1000 Mem:6.55M (0.00M, Peak 8.85M) | Time:00:00.43 | Mem:0.00M, Peak:0.00M | Scene, RenderLayer | Updating Scene BVH | Building
Fra:1000 Mem:6.55M (0.00M, Peak 8.85M) | Time:00:00.43 | Mem:0.00M, Peak:0.00M | Scene, RenderLayer | Updating Scene BVH | Building BVH
Fra:1000 Mem:6.55M (0.00M, Peak 8.85M) | Time:00:00.43 | Mem:0.00M, Peak:0.00M | Scene, RenderLayer | Updating Scene BVH | Packing BVH triangles and strands
Fra:1000 Mem:6.56M (0.00M, Peak 8.85M) | Time:00:00.43 | Mem:0.00M, Peak:0.00M | Scene, RenderLayer | Updating Scene BVH | Packing BVH nodes
Fra:1000 Mem:6.56M (0.00M, Peak 8.85M) | Time:00:00.43 | Mem:0.00M, Peak:0.00M | Scene, RenderLayer | Updating Scene BVH | Copying BVH to device
Fra:1000 Mem:6.56M (0.00M, Peak 8.85M) | Time:00:00.43 | Mem:0.00M, Peak:0.00M | Scene, RenderLayer | Updating Mesh | Computing normals
Fra:1000 Mem:6.56M (0.00M, Peak 8.85M) | Time:00:00.43 | Mem:0.00M, Peak:0.00M | Scene, RenderLayer | Updating Mesh | Copying Mesh to device
Fra:1000 Mem:6.56M (0.00M, Peak 8.85M) | Time:00:00.43 | Mem:0.00M, Peak:0.00M | Scene, RenderLayer | Updating Objects Flags
Fra:1000 Mem:6.56M (0.00M, Peak 8.85M) | Time:00:00.43 | Mem:0.00M, Peak:0.00M | Scene, RenderLayer | Updating Images
Fra:1000 Mem:6.56M (0.00M, Peak 8.85M) | Time:00:00.43 | Mem:0.00M, Peak:0.00M | Scene, RenderLayer | Updating Camera Volume
Fra:1000 Mem:6.56M (0.00M, Peak 8.85M) | Time:00:00.43 | Mem:0.00M, Peak:0.00M | Scene, RenderLayer | Updating Hair Systems
Fra:1000 Mem:6.56M (0.00M, Peak 8.85M) | Time:00:00.43 | Mem:0.00M, Peak:0.00M | Scene, RenderLayer | Updating Hair settings | Copying Hair settings to device
Fra:1000 Mem:6.56M (0.00M, Peak 8.85M) | Time:00:00.43 | Mem:0.00M, Peak:0.00M | Scene, RenderLayer | Updating Lookup Tables
Fra:1000 Mem:6.56M (0.00M, Peak 8.85M) | Time:00:00.43 | Mem:0.25M, Peak:0.25M | Scene, RenderLayer | Updating Lights
Fra:1000 Mem:6.56M (0.00M, Peak 8.85M) | Time:00:00.43 | Mem:0.25M, Peak:0.25M | Scene, RenderLayer | Updating Lights | Computing distribution
Fra:1000 Mem:6.56M (0.00M, Peak 8.85M) | Time:00:00.43 | Mem:0.25M, Peak:0.25M | Scene, RenderLayer | Updating Particle Systems
Fra:1000 Mem:6.56M (0.00M, Peak 8.85M) | Time:00:00.43 | Mem:0.25M, Peak:0.25M | Scene, RenderLayer | Updating Particle Systems | Copying Particles to device
Fra:1000 Mem:6.56M (0.00M, Peak 8.85M) | Time:00:00.43 | Mem:0.25M, Peak:0.25M | Scene, RenderLayer | Updating Integrator
Fra:1000 Mem:6.60M (0.00M, Peak 8.85M) | Time:00:00.43 | Mem:0.29M, Peak:0.29M | Scene, RenderLayer | Updating Film
Fra:1000 Mem:6.60M (0.00M, Peak 8.85M) | Time:00:00.43 | Mem:0.29M, Peak:0.29M | Scene, RenderLayer | Updating Lookup Tables
Fra:1000 Mem:6.60M (0.00M, Peak 8.85M) | Time:00:00.43 | Mem:0.55M, Peak:0.55M | Scene, RenderLayer | Updating Baking
Fra:1000 Mem:6.60M (0.00M, Peak 8.85M) | Time:00:00.43 | Mem:0.55M, Peak:0.55M | Scene, RenderLayer | Updating Device | Writing constant memory
Fra:1000 Mem:6.60M (0.00M, Peak 8.85M) | Time:00:00.43 | Mem:0.55M, Peak:0.55M | Scene, RenderLayer | Path Tracing Tile 0/1
Fra:1000 Mem:6.74M (0.00M, Peak 8.85M) | Time:00:00.43 | Mem:0.55M, Peak:0.55M | Scene, RenderLayer | Path Tracing Tile 1/1
Fra:1000 Mem:6.60M (0.00M, Peak 8.85M) | Time:00:01.38 | Mem:0.55M, Peak:0.55M | Scene, RenderLayer | Finished
Fra:1000 Mem:6.30M (0.00M, Peak 8.85M) | Time:00:01.52 | Sce: Scene Ve:0 Fa:0 La:0
Saved: '/homes/zl3114/bdep/cube/out/render1000.png'
 Time: 00:01.55 (Saving: 00:00.02)


Blender quit
